<?xml version="1.0" encoding="UTF-8"?>
<!-- Generated by org.testng.reporters.JUnitReportReporter -->
<testsuite hostname="LAPTOP-VOH3DKSC" failures="0" tests="3" name="udemyPractice.Class4" time="0.005" errors="0" timestamp="2022-08-13T18:35:44 IST" skipped="0">
  <testcase classname="udemyPractice.Class4" name="ApiloginHomeLoan" time="0.000"/>
  <system-out/>
  <testcase classname="udemyPractice.Class4" name="WebloginHomeLoan" time="0.002"/>
  <system-out/>
  <testcase classname="udemyPractice.Class4" name="MobileloginHomeLoan" time="0.003"/>
  <system-out/>
</testsuite> <!-- udemyPractice.Class4 -->
