<?xml version="1.0" encoding="UTF-8"?>
<!-- Generated by org.testng.reporters.JUnitReportReporter -->
<testsuite hostname="LAPTOP-VOH3DKSC" failures="0" tests="1" name="udemyPractice.Class2" time="0.005" errors="0" timestamp="2022-08-13T18:35:44 IST" skipped="0">
  <testcase classname="udemyPractice.Class2" name="demo" time="0.005"/>
  <system-out/>
</testsuite> <!-- udemyPractice.Class2 -->
