<?xml version="1.0" encoding="UTF-8"?>
<!-- Generated by org.testng.reporters.JUnitReportReporter -->
<testsuite hostname="LAPTOP-VOH3DKSC" failures="0" tests="7" name="udemyPractice.Class3" time="0.017" errors="0" timestamp="2022-08-13T18:35:44 IST" skipped="0">
  <testcase classname="udemyPractice.Class3" name="MobileSignupCarLoan" time="0.003"/>
  <system-out/>
  <testcase classname="udemyPractice.Class3" name="MobilelogoutCarLoan" time="0.002"/>
  <system-out/>
  <testcase classname="udemyPractice.Class3" name="ApiloginCarLoan" time="0.001"/>
  <system-out/>
  <testcase classname="udemyPractice.Class3" name="WebloginCarLoan" time="0.003"/>
  <system-out/>
  <testcase classname="udemyPractice.Class3" name="MobileloginCarLoan" time="0.003"/>
  <system-out/>
  <testcase classname="udemyPractice.Class3" name="MobilelogoutCarLoan" time="0.002"/>
  <system-out/>
  <testcase classname="udemyPractice.Class3" name="MobilelogoutCarLoan" time="0.003"/>
  <system-out/>
</testsuite> <!-- udemyPractice.Class3 -->
